Job ID: 954
Running on: hft-sascluster-135
Starting at: Thu Dec 11 16:59:23 CET 2025
Datasets loaded successfully!
Normalization statistics saved.
--- Epoch 0: Model saved! New best loss: 2.265053e-04
Epoch 0 | Val Loss: 2.265053e-04 | Approx Error: 0.5321 km
--- Epoch 1: Model saved! New best loss: 8.490957e-05
--- Epoch 2: Model saved! New best loss: 6.002233e-05
--- Epoch 4: Model saved! New best loss: 4.046867e-05
--- Epoch 5: Model saved! New best loss: 4.022779e-05
--- Epoch 9: Model saved! New best loss: 3.377110e-05
--- Epoch 10: Model saved! New best loss: 3.122190e-05
Epoch 10 | Val Loss: 3.122190e-05 | Approx Error: 0.1976 km
--- Epoch 12: Model saved! New best loss: 2.733217e-05
--- Epoch 17: Model saved! New best loss: 2.654780e-05
--- Epoch 18: Model saved! New best loss: 2.432513e-05
Epoch 20 | Val Loss: 2.558461e-05 | Approx Error: 0.1788 km
--- Epoch 22: Model saved! New best loss: 2.415353e-05
--- Epoch 30: Model saved! New best loss: 2.399310e-05
Epoch 30 | Val Loss: 2.399310e-05 | Approx Error: 0.1732 km
--- Epoch 31: Model saved! New best loss: 2.269844e-05
--- Epoch 32: Model saved! New best loss: 2.265465e-05
--- Epoch 34: Model saved! New best loss: 2.026272e-05
Epoch 40 | Val Loss: 2.235678e-05 | Approx Error: 0.1672 km
Epoch 50 | Val Loss: 2.331511e-05 | Approx Error: 0.1707 km
--- Epoch 51: Model saved! New best loss: 2.026125e-05
Epoch 60 | Val Loss: 2.184357e-05 | Approx Error: 0.1652 km
Epoch 70 | Val Loss: 2.245232e-05 | Approx Error: 0.1675 km
Epoch 80 | Val Loss: 2.352396e-05 | Approx Error: 0.1715 km
Epoch 90 | Val Loss: 2.240214e-05 | Approx Error: 0.1673 km
--- Epoch 92: Model saved! New best loss: 2.021473e-05
